android/build/outputs/logs/manifest-merger-release-report.txt
-- Merging decision tree log ---
manifest
ADDED from uf_bird_mvc\android\AndroidManifest.xml:2:1-25:12
INJECTED from uf_bird_mvc\android\AndroidManifest.xml:2:1-25:12
INJECTED from uf_bird_mvc\android\AndroidManifest.xml:2:1-25:12
INJECTED from uf_bird_mvc\android\AndroidManifest.xml:2:1-25:12
INJECTED from uf_bird_mvc\android\AndroidManifest.xml:2:1-25:12
INJECTED from uf_bird_mvc\android\AndroidManifest.xml:2:1-25:12
INJECTED from uf_bird_mvc\android\AndroidManifest.xml:2:1-25:12
	package
		ADDED from uf_bird_mvc\android\AndroidManifest.xml:3:5-27
		INJECTED from uf_bird_mvc\android\AndroidManifest.xml
		INJECTED from uf_bird_mvc\android\AndroidManifest.xml
	android:versionName
		INJECTED from uf_bird_mvc\android\AndroidManifest.xml
		ADDED from uf_bird_mvc\android\AndroidManifest.xml:2:1-25:12
		INJECTED from uf_bird_mvc\android\AndroidManifest.xml
	android:versionCode
		INJECTED from uf_bird_mvc\android\AndroidManifest.xml
		ADDED from uf_bird_mvc\android\AndroidManifest.xml:2:1-25:12
		INJECTED from uf_bird_mvc\android\AndroidManifest.xml
	xmlns:android
		ADDED from uf_bird_mvc\android\AndroidManifest.xml:2:11-69
application
ADDED from uf_bird_mvc\android\AndroidManifest.xml:5:5-23:19
	android:label
		ADDED from uf_bird_mvc\android\AndroidManifest.xml:10:9-41
	android:appCategory
		ADDED from uf_bird_mvc\android\AndroidManifest.xml:9:9-35
	android:roundIcon
		ADDED from uf_bird_mvc\android\AndroidManifest.xml:11:9-54
	android:icon
		ADDED from uf_bird_mvc\android\AndroidManifest.xml:7:9-43
	android:allowBackup
		ADDED from uf_bird_mvc\android\AndroidManifest.xml:6:9-35
	android:theme
		ADDED from uf_bird_mvc\android\AndroidManifest.xml:12:9-40
	android:isGame
		ADDED from uf_bird_mvc\android\AndroidManifest.xml:8:9-30
activity#mvlad.ufbird.AndroidLauncher
ADDED from uf_bird_mvc\android\AndroidManifest.xml:13:9-22:20
	android:screenOrientation
		ADDED from uf_bird_mvc\android\AndroidManifest.xml:16:13-49
	android:label
		ADDED from uf_bird_mvc\android\AndroidManifest.xml:15:13-45
	android:configChanges
		ADDED from uf_bird_mvc\android\AndroidManifest.xml:17:13-107
	android:name
		ADDED from uf_bird_mvc\android\AndroidManifest.xml:14:13-56
intent-filter#action:name:android.intent.action.MAIN+category:name:android.intent.category.LAUNCHER
ADDED from uf_bird_mvc\android\AndroidManifest.xml:18:13-21:29
action#android.intent.action.MAIN
ADDED from uf_bird_mvc\android\AndroidManifest.xml:19:17-69
	android:name
		ADDED from uf_bird_mvc\android\AndroidManifest.xml:19:25-66
category#android.intent.category.LAUNCHER
ADDED from uf_bird_mvc\android\AndroidManifest.xml:20:17-77
	android:name
		ADDED from uf_bird_mvc\android\AndroidManifest.xml:20:27-74
uses-sdk
INJECTED from uf_bird_mvc\android\AndroidManifest.xml reason: use-sdk injection requested
INJECTED from uf_bird_mvc\android\AndroidManifest.xml
INJECTED from uf_bird_mvc\android\AndroidManifest.xml
INJECTED from uf_bird_mvc\android\AndroidManifest.xml
INJECTED from uf_bird_mvc\android\AndroidManifest.xml
	android:targetSdkVersion
		INJECTED from uf_bird_mvc\android\AndroidManifest.xml
		ADDED from uf_bird_mvc\android\AndroidManifest.xml
		INJECTED from uf_bird_mvc\android\AndroidManifest.xml
	android:minSdkVersion
		INJECTED from uf_bird_mvc\android\AndroidManifest.xml
		ADDED from uf_bird_mvc\android\AndroidManifest.xml
		INJECTED from uf_bird_mvc\android\AndroidManifest.xml